<?xml version="1.0" encoding="UTF-8"?><testsuites time="0.595"><testsuite name="users" tests="8" failures="6" errors="0" time="0.595" timestamp="2014-03-28T21:31:21.052Z" package="test/acceptance/backbone_questions_test"><testcase name="HTTP status code is: 200" classname="test/acceptance/backbone_questions_test" time="0.452"></testcase><testcase name="title is Toastie" classname="test/acceptance/backbone_questions_test" time="0.021"></testcase><testcase name="questionOne selector is visible" classname="test/acceptance/backbone_questions_test" time="0.022"><failure type="assertVisible">questionOne selector is visible</failure></testcase><testcase name="answersOne selector is visible" classname="test/acceptance/backbone_questions_test" time="0.018"><failure type="assertVisible">answersOne selector is visible</failure></testcase><testcase name="Cannot dispatch mousedown event on nonexistent selector: button" classname="test/acceptance/backbone_questions_test" time="0.021"><error type="object">CasperError: Cannot dispatch mousedown event on nonexistent selector: button
    at mouseEvent (/Users/jn/Projects/MixologyApp/node_modules/grunt-casper/node_modules/casperjs/modules/casper.js:1355)
    at click (/Users/jn/Projects/MixologyApp/node_modules/grunt-casper/node_modules/casperjs/modules/casper.js:462)
    at /Users/jn/Projects/MixologyApp/test/acceptance/backbone_questions_test.js:23
    at runStep (/Users/jn/Projects/MixologyApp/node_modules/grunt-casper/node_modules/casperjs/modules/casper.js:1553)
    at checkStep (/Users/jn/Projects/MixologyApp/node_modules/grunt-casper/node_modules/casperjs/modules/casper.js:399)</error><failure type="uncaughtError">Cannot dispatch mousedown event on nonexistent selector: button</failure></testcase><testcase name="questionTwo selector is visible" classname="test/acceptance/backbone_questions_test" time="0.021"><failure type="assertVisible">questionTwo selector is visible</failure></testcase><testcase name="answersTwo selector is visible" classname="test/acceptance/backbone_questions_test" time="0.02"><failure type="assertVisible">answersTwo selector is visible</failure></testcase><testcase name="Cannot dispatch mousedown event on nonexistent selector: button" classname="test/acceptance/backbone_questions_test" time="0.02"><error type="object">CasperError: Cannot dispatch mousedown event on nonexistent selector: button
    at mouseEvent (/Users/jn/Projects/MixologyApp/node_modules/grunt-casper/node_modules/casperjs/modules/casper.js:1355)
    at click (/Users/jn/Projects/MixologyApp/node_modules/grunt-casper/node_modules/casperjs/modules/casper.js:462)
    at /Users/jn/Projects/MixologyApp/test/acceptance/backbone_questions_test.js:36
    at runStep (/Users/jn/Projects/MixologyApp/node_modules/grunt-casper/node_modules/casperjs/modules/casper.js:1553)
    at checkStep (/Users/jn/Projects/MixologyApp/node_modules/grunt-casper/node_modules/casperjs/modules/casper.js:399)</error><failure type="uncaughtError">Cannot dispatch mousedown event on nonexistent selector: button</failure></testcase><system-out></system-out></testsuite></testsuites>